<?xml version="1.0" encoding="UTF-8"?>
<!-- Generated by org.testng.reporters.JUnitReportReporter -->
<testsuite hostname="LAPTOP-LEK6VQUS" failures="0" tests="1" name="extentreports.ToLearnExtentReport" time="0.530" errors="0" timestamp="2024-11-07T13:08:18 IST" skipped="0">
  <testcase classname="extentreports.ToLearnExtentReport" name="report" time="0.530"/>
  <system-out/>
</testsuite> <!-- extentreports.ToLearnExtentReport -->
