<?xml version="1.0" encoding="UTF-8"?>
<!-- Generated by org.testng.reporters.JUnitReportReporter -->
<testsuite hostname="LAPTOP-LEK6VQUS" failures="0" tests="1" name="extentreports.ToAttachScreenshot" time="6.663" errors="0" timestamp="2024-11-11T15:50:31 IST" skipped="0">
  <testcase classname="extentreports.ToAttachScreenshot" name="addScreenshot" time="6.663"/>
  <system-out/>
</testsuite> <!-- extentreports.ToAttachScreenshot -->
